#-----------------------------------------------------------
# Vivado v2016.2 (64-bit)
# SW Build 1577090 on Thu Jun  2 16:32:40 MDT 2016
# IP Build 1577682 on Fri Jun  3 12:00:54 MDT 2016
# Start of session at: Fri Jun 07 17:12:40 2019
# Process ID: 10524
# Current directory: E:/vivado_projects/projectCPU31
# Command line: vivado.exe -gui_launcher_event rodinguilauncherevent6880 E:\vivado_projects\projectCPU31\projectCPU31.xpr
# Log file: E:/vivado_projects/projectCPU31/vivado.log
# Journal file: E:/vivado_projects/projectCPU31\vivado.jou
#-----------------------------------------------------------
start_gui
open_project E:/vivado_projects/projectCPU31/projectCPU31.xpr
Scanning sources...
Finished scanning sources
INFO: [IP_Flow 19-234] Refreshing IP repositories
INFO: [IP_Flow 19-1704] No user IP repositories specified
INFO: [IP_Flow 19-2313] Loaded Vivado IP repository 'E:/Xilinx/Vivado/2016.2/data/ip'.
open_project: Time (s): cpu = 00:00:14 ; elapsed = 00:00:08 . Memory (MB): peak = 852.270 ; gain = 163.141
update_compile_order -fileset sources_1
exit
INFO: [Common 17-206] Exiting Vivado at Fri Jun 07 17:13:22 2019...
